Wed Jul  1 03:00:20 UTC 2026 -> Add data lock for musl arm build status data to be written
Wed Jul  1 03:00:35 UTC 2026 -> Add data lock for musl x86-64 build status data to be written
Wed Jul  1 03:00:39 UTC 2026 -> Add data lock for musl riscv64 build status data to be written
Wed Jul  1 03:00:52 UTC 2026 -> Add data lock for musl riscv32 build status data to be written
Wed Jul  1 03:02:15 UTC 2026 -> Add data lock for musl aarch64 build status data to be written
Wed Jul  1 03:02:18 UTC 2026 -> Add data lock for musl x86-64 build status data to be written
Wed Jul  1 03:02:43 UTC 2026 -> Add data lock for musl arm build status data to be written
Wed Jul  1 03:02:48 UTC 2026 -> Add data lock for musl riscv64 build status data to be written
Wed Jul  1 03:03:13 UTC 2026 -> Add data lock for musl riscv32 build status data to be written
Wed Jul  1 03:06:55 CUT 2026 -> Add data lock for windows_nightly x64 build status data to be written
Wed Jul  1 03:09:36 CUT 2026 -> Add data lock for windows_nightly ARM64 build status data to be written
Wed Jul  1 05:36:38 UTC 2026 -> Add data lock for picolibc arm build status data to be written
Wed Jul  1 05:36:45 UTC 2026 -> Add data lock for picolibc hexagon build status data to be written
Wed Jul  1 05:36:53 UTC 2026 -> Add data lock for picolibc riscv32 build status data to be written
Wed Jul  1 05:37:05 UTC 2026 -> Add data lock for picolibc riscv64 build status data to be written
Wed Jul  1 07:30:55 UTC 2026 -> Add data lock for picolibc riscv32 build status data to be written
Wed Jul  1 07:44:40 UTC 2026 -> Add data lock for picolibc hexagon build status data to be written
Wed Jul  1 07:55:08 UTC 2026 -> Add data lock for picolibc aarch64 build status data to be written
Wed Jul  1 07:55:12 UTC 2026 -> Add data lock for picolibc riscv64 build status data to be written
Wed Jul  1 07:57:50 UTC 2026 -> Add data lock for picolibc arm build status data to be written
Wed Jul  1 08:30:14 UTC 2026 -> Add data lock for sanitizer all build status data to be written
Wed Jul  1 09:12:26 UTC 2026 -> Add data lock for reverse_iterator all build status data to be written
Wed Jul  1 10:22:15 AM UTC 2026 -> Add data lock for zephyr aarch64 build status data to be written
Wed Jul  1 10:22:19 AM UTC 2026 -> Add data lock for zephyr riscv64 build status data to be written
Wed Jul  1 10:22:30 AM UTC 2026 -> Add data lock for zephyr riscv32 build status data to be written
Wed Jul  1 10:22:43 AM UTC 2026 -> Add data lock for zephyr arm build status data to be written
Wed Jul  1 10:22:53 AM UTC 2026 -> Add data lock for zephyr riscv32 build status data to be written
Wed Jul  1 10:26:30 UTC 2026 -> Add data lock for sanitizer all build status data to be written
Wed Jul  1 10:29:12 AM UTC 2026 -> Add data lock for zephyr riscv32 build status data to be written
Wed Jul  1 12:46:21 UTC 2026 -> Add data lock for reverse_iterator all build status data to be written
Thu Jul  2 02:59:50 UTC 2026 -> Add data lock for musl aarch64 build status data to be written
Thu Jul  2 03:00:05 UTC 2026 -> Add data lock for musl x86-64 build status data to be written
Thu Jul  2 03:00:12 UTC 2026 -> Add musl riscv64 build status data in DB
Thu Jul  2 03:00:18 UTC 2026 -> Add musl riscv32 build status data in DB
Thu Jul  2 03:00:35 UTC 2026 -> Add data lock for musl arm build status data to be written
Thu Jul  2 03:01:31 UTC 2026 -> Add data lock for musl x86-64 build status data to be written
Thu Jul  2 03:02:07 UTC 2026 -> Add data lock for musl riscv64 build status data to be written
Thu Jul  2 03:02:21 UTC 2026 -> Add data lock for musl riscv32 build status data to be written
Thu Jul  2 03:03:09 UTC 2026 -> Add data lock for musl arm build status data to be written
Thu Jul  2 03:05:08 CUT 2026 -> Add data lock for windows_nightly x64 build status data to be written
Thu Jul  2 03:08:25 CUT 2026 -> Add data lock for windows_nightly ARM64 build status data to be written
Thu Jul  2 05:21:49 UTC 2026 -> Add data lock for picolibc hexagon build status data to be written
Thu Jul  2 05:22:12 UTC 2026 -> Add data lock for picolibc riscv32 build status data to be written
Thu Jul  2 05:22:27 UTC 2026 -> Add data lock for picolibc riscv64 build status data to be written
Thu Jul  2 05:22:40 UTC 2026 -> Add data lock for picolibc arm build status data to be written
Thu Jul  2 05:22:56 UTC 2026 -> Add picolibc aarch64 build status data in DB
Thu Jul  2 06:55:14 CUT 2026 -> Add data lock for windows_nightly x64 build status data to be written
Thu Jul  2 06:56:22 CUT 2026 -> Add data lock for windows_nightly ARM64 build status data to be written
Thu Jul  2 07:18:56 UTC 2026 -> Add data lock for picolibc hexagon build status data to be written
Thu Jul  2 07:42:40 UTC 2026 -> Add data lock for picolibc riscv64 build status data to be written
Thu Jul  2 07:44:38 UTC 2026 -> Add data lock for picolibc riscv32 build status data to be written
Thu Jul  2 07:46:05 UTC 2026 -> Add data lock for picolibc arm build status data to be written
Thu Jul  2 07:49:00 UTC 2026 -> Add data lock for picolibc aarch64 build status data to be written
Thu Jul  2 08:04:31 UTC 2026 -> Add data lock for nightly all build status data to be written
Thu Jul  2 08:07:10 UTC 2026 -> Add data lock for sanitizer all build status data to be written
Thu Jul  2 09:07:36 UTC 2026 -> Add data lock for reverse_iterator all build status data to be written
Thu Jul  2 09:39:42 UTC 2026 -> Add data lock for sanitizer all build status data to be written
Thu Jul  2 10:03:13 AM UTC 2026 -> Add data lock for zephyr riscv32 build status data to be written
Thu Jul  2 10:03:47 AM UTC 2026 -> Add data lock for zephyr arm build status data to be written
Thu Jul  2 10:04:04 AM UTC 2026 -> Add data lock for zephyr aarch64 build status data to be written
Thu Jul  2 10:04:17 AM UTC 2026 -> Add data lock for zephyr riscv64 build status data to be written
Thu Jul  2 10:04:23 AM UTC 2026 -> Add data lock for zephyr riscv32 build status data to be written
Thu Jul  2 10:11:47 AM UTC 2026 -> Add data lock for zephyr riscv32 build status data to be written
Thu Jul  2 10:44:48 UTC 2026 -> Add data lock for nightly all build status data to be written
Thu Jul  2 11:53:10 UTC 2026 -> Add data lock for reverse_iterator all build status data to be written
Fri Jul  3 02:59:08 UTC 2026 -> Add data lock for musl arm build status data to be written
Fri Jul  3 02:59:22 UTC 2026 -> Add data lock for musl aarch64 build status data to be written
Fri Jul  3 02:59:25 UTC 2026 -> Add data lock for musl riscv64 build status data to be written
Fri Jul  3 02:59:35 UTC 2026 -> Add data lock for musl riscv32 build status data to be written
Fri Jul  3 02:59:42 UTC 2026 -> Add data lock for musl x86-64 build status data to be written
Fri Jul  3 03:01:11 UTC 2026 -> Add data lock for musl arm build status data to be written
Fri Jul  3 03:01:21 UTC 2026 -> Add data lock for musl x86-64 build status data to be written
Fri Jul  3 03:01:30 UTC 2026 -> Add data lock for musl riscv64 build status data to be written
Fri Jul  3 03:01:41 UTC 2026 -> Add data lock for musl riscv32 build status data to be written
Fri Jul  3 03:03:38 CUT 2026 -> Add data lock for windows_nightly x64 build status data to be written
Fri Jul  3 03:06:00 CUT 2026 -> Add data lock for windows_nightly ARM64 build status data to be written
Fri Jul  3 05:20:08 UTC 2026 -> Add data lock for picolibc hexagon build status data to be written
Fri Jul  3 05:20:14 UTC 2026 -> Add data lock for picolibc riscv64 build status data to be written
Fri Jul  3 05:20:25 UTC 2026 -> Add data lock for picolibc aarch64 build status data to be written
Fri Jul  3 05:20:42 UTC 2026 -> Add data lock for picolibc arm build status data to be written
Fri Jul  3 05:20:58 UTC 2026 -> Add data lock for picolibc riscv32 build status data to be written
Fri Jul  3 06:58:36 CUT 2026 -> Add data lock for windows_nightly ARM64 build status data to be written
Fri Jul  3 07:24:37 UTC 2026 -> Add data lock for picolibc arm build status data to be written
Fri Jul  3 07:26:14 UTC 2026 -> Add data lock for picolibc riscv64 build status data to be written
Fri Jul  3 07:30:06 UTC 2026 -> Add data lock for picolibc riscv32 build status data to be written
Fri Jul  3 07:32:26 CUT 2026 -> Add data lock for windows_nightly x64 build status data to be written
Fri Jul  3 07:32:36 UTC 2026 -> Add data lock for picolibc aarch64 build status data to be written
Fri Jul  3 07:34:23 UTC 2026 -> Add data lock for picolibc hexagon build status data to be written
Fri Jul  3 08:03:25 UTC 2026 -> Add data lock for nightly all build status data to be written
Fri Jul  3 08:05:49 UTC 2026 -> Add data lock for sanitizer all build status data to be written
Fri Jul  3 09:06:53 UTC 2026 -> Add data lock for reverse_iterator all build status data to be written
Fri Jul  3 09:38:24 UTC 2026 -> Add data lock for sanitizer all build status data to be written
Fri Jul  3 10:01:58 AM UTC 2026 -> Add data lock for zephyr aarch64 build status data to be written
Fri Jul  3 10:02:10 AM UTC 2026 -> Add data lock for zephyr arm build status data to be written
Fri Jul  3 10:02:17 AM UTC 2026 -> Add data lock for zephyr riscv32 build status data to be written
Fri Jul  3 10:09:31 AM UTC 2026 -> Add data lock for zephyr riscv32 build status data to be written
Fri Jul  3 12:08:56 UTC 2026 -> Add data lock for reverse_iterator all build status data to be written
Sat Jul  4 02:59:04 UTC 2026 -> Add data lock for musl riscv64 build status data to be written
Sat Jul  4 02:59:17 UTC 2026 -> Add data lock for musl arm build status data to be written
Sat Jul  4 02:59:20 UTC 2026 -> Add musl riscv32 build status data in DB
Sat Jul  4 02:59:22 UTC 2026 -> Add data lock for musl aarch64 build status data to be written
Sat Jul  4 02:59:39 UTC 2026 -> Add data lock for musl x86-64 build status data to be written
Sat Jul  4 03:01:18 UTC 2026 -> Add data lock for musl x86-64 build status data to be written
Sat Jul  4 03:01:32 UTC 2026 -> Add data lock for musl riscv64 build status data to be written
Sat Jul  4 03:01:39 UTC 2026 -> Add data lock for musl arm build status data to be written
Sat Jul  4 03:03:32 CUT 2026 -> Add data lock for windows_nightly x64 build status data to be written
Sat Jul  4 03:05:42 CUT 2026 -> Add data lock for windows_nightly ARM64 build status data to be written
Sat Jul  4 05:18:21 UTC 2026 -> Add data lock for picolibc arm build status data to be written
Sat Jul  4 05:18:27 UTC 2026 -> Add data lock for picolibc riscv64 build status data to be written
Sat Jul  4 05:18:41 UTC 2026 -> Add data lock for picolibc riscv32 build status data to be written
Sat Jul  4 05:18:45 UTC 2026 -> Add data lock for picolibc hexagon build status data to be written
Sat Jul  4 05:18:52 UTC 2026 -> Add data lock for picolibc aarch64 build status data to be written
Sat Jul  4 06:49:23 CUT 2026 -> Add data lock for windows_nightly ARM64 build status data to be written
Sat Jul  4 07:14:22 UTC 2026 -> Add data lock for picolibc aarch64 build status data to be written
Sat Jul  4 07:22:08 UTC 2026 -> Add data lock for picolibc riscv64 build status data to be written
Sat Jul  4 07:30:04 UTC 2026 -> Add data lock for picolibc hexagon build status data to be written
Sat Jul  4 07:33:28 UTC 2026 -> Add data lock for picolibc arm build status data to be written
Sat Jul  4 07:40:03 UTC 2026 -> Add data lock for picolibc riscv32 build status data to be written
Sat Jul  4 07:58:37 UTC 2026 -> Add data lock for nightly all build status data to be written
Sat Jul  4 08:00:46 UTC 2026 -> Add data lock for sanitizer all build status data to be written
Sat Jul  4 08:56:04 UTC 2026 -> Add data lock for reverse_iterator all build status data to be written
Sat Jul  4 09:43:49 AM UTC 2026 -> Add data lock for zephyr riscv64 build status data to be written
Sat Jul  4 09:43:53 AM UTC 2026 -> Add data lock for zephyr aarch64 build status data to be written
Sat Jul  4 09:44:02 AM UTC 2026 -> Add data lock for zephyr arm build status data to be written
Sat Jul  4 09:44:07 AM UTC 2026 -> Add data lock for zephyr riscv32 build status data to be written
Sat Jul  4 09:44:20 AM UTC 2026 -> Add data lock for zephyr riscv32 build status data to be written
Sat Jul  4 09:50:12 AM UTC 2026 -> Add data lock for zephyr riscv32 build status data to be written
Sat Jul  4 09:58:34 UTC 2026 -> Add data lock for sanitizer all build status data to be written
Sat Jul  4 11:20:18 UTC 2026 -> Add data lock for nightly all build status data to be written
Sat Jul  4 12:31:18 UTC 2026 -> Add data lock for reverse_iterator all build status data to be written
Sun Jul  5 02:59:24 UTC 2026 -> Add data lock for musl x86-64 build status data to be written
Sun Jul  5 02:59:37 UTC 2026 -> Add data lock for musl aarch64 build status data to be written
Sun Jul  5 02:59:54 UTC 2026 -> Add data lock for musl riscv32 build status data to be written
Sun Jul  5 03:00:10 UTC 2026 -> Add data lock for musl riscv64 build status data to be written
Sun Jul  5 03:01:14 UTC 2026 -> Add data lock for musl x86-64 build status data to be written
Sun Jul  5 03:02:18 UTC 2026 -> Add data lock for musl riscv64 build status data to be written
Sun Jul  5 03:02:37 UTC 2026 -> Add data lock for musl riscv32 build status data to be written
Sun Jul  5 03:04:28 CUT 2026 -> Add data lock for windows_nightly x64 build status data to be written
Sun Jul  5 03:06:54 CUT 2026 -> Add data lock for windows_nightly ARM64 build status data to be written
Sun Jul  5 05:21:45 UTC 2026 -> Add data lock for picolibc aarch64 build status data to be written
Sun Jul  5 05:21:50 UTC 2026 -> Add data lock for picolibc arm build status data to be written
Sun Jul  5 05:22:00 UTC 2026 -> Add data lock for picolibc riscv64 build status data to be written
Sun Jul  5 05:22:03 UTC 2026 -> Add data lock for picolibc hexagon build status data to be written
Sun Jul  5 06:43:18 CUT 2026 -> Add data lock for windows_nightly ARM64 build status data to be written
Sun Jul  5 07:29:05 UTC 2026 -> Add data lock for picolibc hexagon build status data to be written
Sun Jul  5 07:30:49 UTC 2026 -> Add data lock for picolibc aarch64 build status data to be written
Sun Jul  5 07:34:18 CUT 2026 -> Add data lock for windows_nightly x64 build status data to be written
Sun Jul  5 07:40:11 UTC 2026 -> Add data lock for picolibc riscv32 build status data to be written
Sun Jul  5 07:40:22 UTC 2026 -> Add data lock for picolibc arm build status data to be written
Sun Jul  5 07:41:56 UTC 2026 -> Add data lock for picolibc riscv64 build status data to be written
Sun Jul  5 08:01:15 UTC 2026 -> Add data lock for nightly all build status data to be written
Sun Jul  5 08:03:56 UTC 2026 -> Add data lock for sanitizer all build status data to be written
Sun Jul  5 09:04:46 UTC 2026 -> Add data lock for reverse_iterator all build status data to be written
Sun Jul  5 09:39:41 UTC 2026 -> Add data lock for sanitizer all build status data to be written
Sun Jul  5 09:50:31 AM UTC 2026 -> Add data lock for zephyr aarch64 build status data to be written
Sun Jul  5 09:50:36 AM UTC 2026 -> Add data lock for zephyr arm build status data to be written
Sun Jul  5 09:50:45 AM UTC 2026 -> Add data lock for zephyr riscv64 build status data to be written
Sun Jul  5 09:50:53 AM UTC 2026 -> Add data lock for zephyr riscv32 build status data to be written
Sun Jul  5 09:51:36 AM UTC 2026 -> Add data lock for zephyr riscv32 build status data to be written
Sun Jul  5 09:57:09 AM UTC 2026 -> Add data lock for zephyr riscv32 build status data to be written
Sun Jul  5 11:22:29 UTC 2026 -> Add data lock for nightly all build status data to be written
Sun Jul  5 12:40:48 UTC 2026 -> Add data lock for reverse_iterator all build status data to be written
Mon Jul  6 02:59:53 UTC 2026 -> Add data lock for musl arm build status data to be written
Mon Jul  6 03:00:10 UTC 2026 -> Add data lock for musl riscv64 build status data to be written
Mon Jul  6 03:00:22 UTC 2026 -> Add data lock for musl riscv32 build status data to be written
Mon Jul  6 03:00:26 UTC 2026 -> Add data lock for musl x86-64 build status data to be written
Mon Jul  6 03:00:43 UTC 2026 -> Add data lock for musl aarch64 build status data to be written
Mon Jul  6 03:02:01 UTC 2026 -> Add data lock for musl x86-64 build status data to be written
Mon Jul  6 03:02:12 UTC 2026 -> Add data lock for musl arm build status data to be written
Mon Jul  6 03:02:31 UTC 2026 -> Add data lock for musl riscv32 build status data to be written
Mon Jul  6 03:05:02 CUT 2026 -> Add data lock for windows_nightly x64 build status data to be written
Mon Jul  6 03:07:19 CUT 2026 -> Add data lock for windows_nightly ARM64 build status data to be written
Mon Jul  6 05:29:53 UTC 2026 -> Add data lock for picolibc aarch64 build status data to be written
Mon Jul  6 05:29:59 UTC 2026 -> Add data lock for picolibc hexagon build status data to be written
Mon Jul  6 05:30:15 UTC 2026 -> Add data lock for picolibc arm build status data to be written
Mon Jul  6 05:30:28 UTC 2026 -> Add data lock for picolibc riscv64 build status data to be written
Mon Jul  6 05:30:33 UTC 2026 -> Add data lock for picolibc riscv32 build status data to be written
Mon Jul  6 06:57:55 CUT 2026 -> Add data lock for windows_nightly ARM64 build status data to be written
Mon Jul  6 07:30:14 CUT 2026 -> Add data lock for windows_nightly x64 build status data to be written
Mon Jul  6 07:33:19 UTC 2026 -> Add data lock for picolibc aarch64 build status data to be written
Mon Jul  6 07:33:52 UTC 2026 -> Add data lock for picolibc arm build status data to be written
Mon Jul  6 07:45:46 UTC 2026 -> Add data lock for picolibc riscv64 build status data to be written
Mon Jul  6 07:50:12 UTC 2026 -> Add data lock for picolibc riscv32 build status data to be written
Mon Jul  6 07:51:55 UTC 2026 -> Add data lock for picolibc hexagon build status data to be written
Mon Jul  6 08:32:23 UTC 2026 -> Add data lock for nightly all build status data to be written
Mon Jul  6 08:36:30 UTC 2026 -> Add data lock for sanitizer all build status data to be written
Mon Jul  6 09:25:22 UTC 2026 -> Add data lock for reverse_iterator all build status data to be written
Mon Jul  6 10:08:34 UTC 2026 -> Add data lock for sanitizer all build status data to be written
Mon Jul  6 10:33:22 AM UTC 2026 -> Add data lock for zephyr riscv32 build status data to be written
Mon Jul  6 10:33:38 AM UTC 2026 -> Add zephyr riscv64 build status data in DB
Mon Jul  6 10:33:45 AM UTC 2026 -> Add zephyr arm build status data in DB
Mon Jul  6 10:33:55 AM UTC 2026 -> Add data lock for zephyr riscv32 build status data to be written
Mon Jul  6 10:34:12 AM UTC 2026 -> Add data lock for zephyr aarch64 build status data to be written
Mon Jul  6 10:39:40 AM UTC 2026 -> Add data lock for zephyr riscv32 build status data to be written
Mon Jul  6 10:46:50 UTC 2026 -> Add data lock for nightly all build status data to be written
Mon Jul  6 13:01:12 UTC 2026 -> Add data lock for reverse_iterator all build status data to be written
Tue Jul  7 02:59:35 UTC 2026 -> Add data lock for musl aarch64 build status data to be written
Tue Jul  7 02:59:50 UTC 2026 -> Add data lock for musl arm build status data to be written
Tue Jul  7 02:59:53 UTC 2026 -> Add data lock for musl x86-64 build status data to be written
Tue Jul  7 03:00:06 UTC 2026 -> Add data lock for musl riscv32 build status data to be written
Tue Jul  7 03:01:40 UTC 2026 -> Add data lock for musl riscv64 build status data to be written
Tue Jul  7 03:01:54 UTC 2026 -> Add data lock for musl x86-64 build status data to be written
Tue Jul  7 03:02:10 UTC 2026 -> Add data lock for musl arm build status data to be written
Tue Jul  7 03:02:36 UTC 2026 -> Add data lock for musl riscv32 build status data to be written
Tue Jul  7 03:04:52 CUT 2026 -> Add data lock for windows_nightly x64 build status data to be written
Tue Jul  7 03:07:32 CUT 2026 -> Add data lock for windows_nightly ARM64 build status data to be written
Tue Jul  7 05:22:05 UTC 2026 -> Add data lock for picolibc riscv32 build status data to be written
Tue Jul  7 05:22:11 UTC 2026 -> Add data lock for picolibc riscv64 build status data to be written
Tue Jul  7 05:22:19 UTC 2026 -> Add data lock for picolibc hexagon build status data to be written
Tue Jul  7 05:22:35 UTC 2026 -> Add data lock for picolibc aarch64 build status data to be written
Tue Jul  7 05:22:52 UTC 2026 -> Add data lock for picolibc arm build status data to be written
Tue Jul  7 07:16:07 UTC 2026 -> Add data lock for picolibc riscv32 build status data to be written
Tue Jul  7 07:27:21 UTC 2026 -> Add data lock for picolibc arm build status data to be written
Tue Jul  7 07:38:48 UTC 2026 -> Add data lock for picolibc aarch64 build status data to be written
Tue Jul  7 07:43:36 UTC 2026 -> Add data lock for picolibc hexagon build status data to be written
Tue Jul  7 07:44:52 UTC 2026 -> Add data lock for picolibc riscv64 build status data to be written
Tue Jul  7 08:07:54 UTC 2026 -> Add data lock for nightly all build status data to be written
Tue Jul  7 08:10:39 UTC 2026 -> Add data lock for sanitizer all build status data to be written
Tue Jul  7 09:09:55 UTC 2026 -> Add data lock for reverse_iterator all build status data to be written
Tue Jul  7 09:53:51 UTC 2026 -> Add data lock for sanitizer all build status data to be written
Tue Jul  7 10:11:26 AM UTC 2026 -> Add data lock for zephyr riscv64 build status data to be written
Tue Jul  7 10:11:32 AM UTC 2026 -> Add data lock for zephyr arm build status data to be written
Tue Jul  7 10:11:45 AM UTC 2026 -> Add data lock for zephyr aarch64 build status data to be written
Tue Jul  7 10:12:08 AM UTC 2026 -> Add data lock for zephyr riscv32 build status data to be written
Tue Jul  7 10:19:15 AM UTC 2026 -> Add data lock for zephyr riscv32 build status data to be written
Tue Jul  7 11:21:56 UTC 2026 -> Add data lock for nightly all build status data to be written
Tue Jul  7 12:55:59 UTC 2026 -> Add data lock for reverse_iterator all build status data to be written
Wed Jul  8 02:58:22 UTC 2026 -> Add data lock for musl riscv32 build status data to be written
Wed Jul  8 02:58:37 UTC 2026 -> Add data lock for musl riscv64 build status data to be written
Wed Jul  8 02:58:49 UTC 2026 -> Add data lock for musl aarch64 build status data to be written
Wed Jul  8 02:59:06 UTC 2026 -> Add data lock for musl x86-64 build status data to be written
Wed Jul  8 02:59:23 UTC 2026 -> Add data lock for musl arm build status data to be written
Wed Jul  8 03:00:21 UTC 2026 -> Add data lock for musl riscv32 build status data to be written
Wed Jul  8 03:00:34 UTC 2026 -> Add data lock for musl x86-64 build status data to be written
Wed Jul  8 03:00:51 UTC 2026 -> Add data lock for musl riscv64 build status data to be written
Wed Jul  8 03:01:30 UTC 2026 -> Add data lock for musl arm build status data to be written
Wed Jul  8 03:03:04 CUT 2026 -> Add data lock for windows_nightly x64 build status data to be written
Wed Jul  8 03:05:39 CUT 2026 -> Add data lock for windows_nightly ARM64 build status data to be written
Wed Jul  8 05:06:26 UTC 2026 -> Add data lock for picolibc riscv32 build status data to be written
Wed Jul  8 05:06:54 UTC 2026 -> Add data lock for picolibc arm build status data to be written
Wed Jul  8 05:07:13 UTC 2026 -> Add data lock for picolibc riscv64 build status data to be written
Wed Jul  8 05:07:57 UTC 2026 -> Add data lock for picolibc aarch64 build status data to be written
Wed Jul  8 06:57:27 CUT 2026 -> Add data lock for windows_nightly ARM64 build status data to be written
Wed Jul  8 07:15:44 UTC 2026 -> Add data lock for picolibc aarch64 build status data to be written
Wed Jul  8 07:26:05 UTC 2026 -> Add data lock for picolibc riscv32 build status data to be written
Wed Jul  8 07:28:30 UTC 2026 -> Add data lock for picolibc arm build status data to be written
Wed Jul  8 07:29:05 UTC 2026 -> Add data lock for picolibc riscv64 build status data to be written
Wed Jul  8 07:30:10 CUT 2026 -> Add data lock for windows_nightly x64 build status data to be written
Wed Jul  8 07:49:01 UTC 2026 -> Add data lock for nightly all build status data to be written
Wed Jul  8 07:51:49 UTC 2026 -> Add data lock for sanitizer all build status data to be written
Wed Jul  8 08:55:06 UTC 2026 -> Add data lock for reverse_iterator all build status data to be written
Wed Jul  8 09:37:56 UTC 2026 -> Add data lock for sanitizer all build status data to be written
Wed Jul  8 09:48:47 AM UTC 2026 -> Add data lock for zephyr arm build status data to be written
Wed Jul  8 09:49:01 AM UTC 2026 -> Add data lock for zephyr riscv64 build status data to be written
Wed Jul  8 09:49:06 AM UTC 2026 -> Add data lock for zephyr riscv32 build status data to be written
Wed Jul  8 09:49:18 AM UTC 2026 -> Add data lock for zephyr riscv32 build status data to be written
Wed Jul  8 09:49:30 AM UTC 2026 -> Add data lock for zephyr aarch64 build status data to be written
Wed Jul  8 09:55:59 AM UTC 2026 -> Add data lock for zephyr riscv32 build status data to be written
Wed Jul  8 11:16:32 UTC 2026 -> Add data lock for nightly all build status data to be written
Wed Jul  8 12:35:39 UTC 2026 -> Add data lock for reverse_iterator all build status data to be written
Thu Jul  9 02:59:17 UTC 2026 -> Add data lock for musl x86-64 build status data to be written
Thu Jul  9 02:59:32 UTC 2026 -> Add data lock for musl riscv64 build status data to be written
Thu Jul  9 02:59:35 UTC 2026 -> Add data lock for musl aarch64 build status data to be written
Thu Jul  9 02:59:48 UTC 2026 -> Add data lock for musl arm build status data to be written
Thu Jul  9 03:00:55 UTC 2026 -> Add data lock for musl x86-64 build status data to be written
Thu Jul  9 03:01:18 UTC 2026 -> Add data lock for musl riscv32 build status data to be written
Thu Jul  9 03:01:41 UTC 2026 -> Add data lock for musl riscv64 build status data to be written
Thu Jul  9 03:01:53 UTC 2026 -> Add data lock for musl arm build status data to be written
Thu Jul  9 03:04:05 CUT 2026 -> Add data lock for windows_nightly x64 build status data to be written
Thu Jul  9 03:06:04 CUT 2026 -> Add data lock for windows_nightly ARM64 build status data to be written
Thu Jul  9 05:22:40 UTC 2026 -> Add data lock for picolibc hexagon build status data to be written
Thu Jul  9 05:22:47 UTC 2026 -> Add data lock for picolibc arm build status data to be written
Thu Jul  9 05:22:57 UTC 2026 -> Add data lock for picolibc riscv64 build status data to be written
Thu Jul  9 05:23:05 UTC 2026 -> Add data lock for picolibc aarch64 build status data to be written
Thu Jul  9 05:23:22 UTC 2026 -> Add data lock for picolibc riscv32 build status data to be written
Thu Jul  9 06:43:44 CUT 2026 -> Add data lock for windows_nightly ARM64 build status data to be written
Thu Jul  9 07:10:19 UTC 2026 -> Add data lock for picolibc riscv64 build status data to be written
Thu Jul  9 07:18:58 CUT 2026 -> Add data lock for windows_nightly x64 build status data to be written
Thu Jul  9 07:25:56 UTC 2026 -> Add data lock for picolibc arm build status data to be written
Thu Jul  9 07:42:59 UTC 2026 -> Add data lock for picolibc riscv32 build status data to be written
Thu Jul  9 07:43:16 UTC 2026 -> Add data lock for picolibc aarch64 build status data to be written
Thu Jul  9 07:48:11 UTC 2026 -> Add data lock for picolibc hexagon build status data to be written
Thu Jul  9 08:13:21 UTC 2026 -> Add data lock for nightly all build status data to be written
Thu Jul  9 08:13:28 UTC 2026 -> Add data lock for sanitizer all build status data to be written
Thu Jul  9 09:11:01 UTC 2026 -> Add data lock for reverse_iterator all build status data to be written
Thu Jul  9 10:14:50 AM UTC 2026 -> Add data lock for zephyr riscv64 build status data to be written
Thu Jul  9 10:15:01 AM UTC 2026 -> Add data lock for zephyr riscv32 build status data to be written
Thu Jul  9 10:15:23 AM UTC 2026 -> Add data lock for zephyr arm build status data to be written
Thu Jul  9 10:15:41 AM UTC 2026 -> Add zephyr aarch64 build status data in DB
Thu Jul  9 10:22:02 AM UTC 2026 -> Add data lock for zephyr riscv32 build status data to be written
Thu Jul  9 11:22:23 UTC 2026 -> Add data lock for nightly all build status data to be written
Thu Jul  9 12:26:08 UTC 2026 -> Add data lock for reverse_iterator all build status data to be written
Fri Jul 10 02:59:20 UTC 2026 -> Add data lock for musl riscv32 build status data to be written
Fri Jul 10 02:59:34 UTC 2026 -> Add data lock for musl riscv64 build status data to be written
Fri Jul 10 02:59:46 UTC 2026 -> Add data lock for musl x86-64 build status data to be written
Fri Jul 10 03:00:04 UTC 2026 -> Add data lock for musl arm build status data to be written
Fri Jul 10 03:01:17 UTC 2026 -> Add data lock for musl x86-64 build status data to be written
Fri Jul 10 03:01:32 UTC 2026 -> Add data lock for musl riscv32 build status data to be written
Fri Jul 10 03:01:49 UTC 2026 -> Add data lock for musl riscv64 build status data to be written
Fri Jul 10 03:02:09 UTC 2026 -> Add data lock for musl arm build status data to be written
Fri Jul 10 03:04:05 CUT 2026 -> Add data lock for windows_nightly x64 build status data to be written
Fri Jul 10 03:06:30 CUT 2026 -> Add data lock for windows_nightly ARM64 build status data to be written
Fri Jul 10 05:22:03 UTC 2026 -> Add data lock for picolibc riscv64 build status data to be written
Fri Jul 10 05:22:09 UTC 2026 -> Add data lock for picolibc aarch64 build status data to be written
Fri Jul 10 05:22:17 UTC 2026 -> Add data lock for picolibc riscv32 build status data to be written
Fri Jul 10 05:22:25 UTC 2026 -> Add data lock for picolibc hexagon build status data to be written
Fri Jul 10 06:43:00 CUT 2026 -> Add data lock for windows_nightly ARM64 build status data to be written
Fri Jul 10 07:36:59 CUT 2026 -> Add data lock for windows_nightly x64 build status data to be written
Fri Jul 10 07:40:36 UTC 2026 -> Add data lock for picolibc arm build status data to be written
Fri Jul 10 07:42:56 UTC 2026 -> Add data lock for picolibc aarch64 build status data to be written
Fri Jul 10 07:44:37 UTC 2026 -> Add data lock for picolibc riscv64 build status data to be written
Fri Jul 10 07:44:56 UTC 2026 -> Add data lock for picolibc riscv32 build status data to be written
Fri Jul 10 07:53:03 UTC 2026 -> Add data lock for picolibc hexagon build status data to be written
Fri Jul 10 08:09:16 UTC 2026 -> Add data lock for nightly all build status data to be written
Fri Jul 10 08:11:24 UTC 2026 -> Add data lock for sanitizer all build status data to be written
Fri Jul 10 09:08:40 UTC 2026 -> Add data lock for reverse_iterator all build status data to be written
Fri Jul 10 09:57:58 UTC 2026 -> Add data lock for sanitizer all build status data to be written
Fri Jul 10 10:08:30 AM UTC 2026 -> Add data lock for zephyr aarch64 build status data to be written
Fri Jul 10 10:08:47 AM UTC 2026 -> Add data lock for zephyr arm build status data to be written
Fri Jul 10 10:09:10 AM UTC 2026 -> Add data lock for zephyr riscv32 build status data to be written
Fri Jul 10 10:09:25 AM UTC 2026 -> Add data lock for zephyr riscv64 build status data to be written
Fri Jul 10 10:16:36 AM UTC 2026 -> Add data lock for zephyr riscv32 build status data to be written
Fri Jul 10 11:32:07 UTC 2026 -> Add data lock for nightly all build status data to be written
Fri Jul 10 12:30:36 UTC 2026 -> Add data lock for reverse_iterator all build status data to be written
Sat Jul 11 02:58:18 UTC 2026 -> Add data lock for musl aarch64 build status data to be written
Sat Jul 11 02:58:31 UTC 2026 -> Add data lock for musl arm build status data to be written
Sat Jul 11 02:58:34 UTC 2026 -> Add data lock for musl riscv64 build status data to be written
Sat Jul 11 02:58:43 UTC 2026 -> Add musl riscv32 build status data in DB
Sat Jul 11 03:00:17 UTC 2026 -> Add data lock for musl x86-64 build status data to be written
Sat Jul 11 03:00:30 UTC 2026 -> Add data lock for musl arm build status data to be written
Sat Jul 11 03:01:06 UTC 2026 -> Add data lock for musl riscv32 build status data to be written
Sat Jul 11 03:02:23 CUT 2026 -> Add data lock for windows_nightly x64 build status data to be written
Sat Jul 11 03:04:40 CUT 2026 -> Add data lock for windows_nightly ARM64 build status data to be written
Sat Jul 11 05:04:46 UTC 2026 -> Add data lock for picolibc riscv32 build status data to be written
Sat Jul 11 05:04:57 UTC 2026 -> Add data lock for picolibc arm build status data to be written
Sat Jul 11 05:05:15 UTC 2026 -> Add data lock for picolibc hexagon build status data to be written
Sat Jul 11 05:05:32 UTC 2026 -> Add picolibc aarch64 build status data in DB
Sat Jul 11 06:53:54 CUT 2026 -> Add data lock for windows_nightly ARM64 build status data to be written
Sat Jul 11 07:08:20 UTC 2026 -> Add data lock for picolibc arm build status data to be written
Sat Jul 11 07:11:09 UTC 2026 -> Add data lock for picolibc aarch64 build status data to be written
Sat Jul 11 07:22:08 UTC 2026 -> Add data lock for picolibc riscv64 build status data to be written
Sat Jul 11 07:26:37 UTC 2026 -> Add data lock for picolibc riscv32 build status data to be written
Sat Jul 11 07:29:13 UTC 2026 -> Add data lock for picolibc hexagon build status data to be written
Sat Jul 11 07:33:50 UTC 2026 -> Add data lock for nightly all build status data to be written
Sat Jul 11 07:37:37 UTC 2026 -> Add data lock for sanitizer all build status data to be written
Sat Jul 11 08:36:31 UTC 2026 -> Add data lock for reverse_iterator all build status data to be written
Sat Jul 11 08:50:14 UTC 2026 -> Add data lock for sanitizer all build status data to be written
Sat Jul 11 09:32:19 AM UTC 2026 -> Add data lock for zephyr riscv32 build status data to be written
Sat Jul 11 09:32:30 AM UTC 2026 -> Add data lock for zephyr riscv64 build status data to be written
Sat Jul 11 09:32:57 AM UTC 2026 -> Add data lock for zephyr riscv32 build status data to be written
Sat Jul 11 09:38:51 AM UTC 2026 -> Add data lock for zephyr riscv32 build status data to be written
Sat Jul 11 09:56:08 UTC 2026 -> Add data lock for nightly all build status data to be written
Sat Jul 11 12:11:05 UTC 2026 -> Add data lock for reverse_iterator all build status data to be written
Sun Jul 12 02:58:40 UTC 2026 -> Add data lock for musl arm build status data to be written
Sun Jul 12 02:58:55 UTC 2026 -> Add data lock for musl riscv32 build status data to be written
Sun Jul 12 02:59:08 UTC 2026 -> Add data lock for musl aarch64 build status data to be written
Sun Jul 12 02:59:16 UTC 2026 -> Add musl x86-64 build status data in DB
Sun Jul 12 03:00:31 UTC 2026 -> Add data lock for musl riscv64 build status data to be written
Sun Jul 12 03:00:57 UTC 2026 -> Add data lock for musl x86-64 build status data to be written
Sun Jul 12 03:01:05 UTC 2026 -> Add data lock for musl riscv32 build status data to be written
Sun Jul 12 03:01:10 UTC 2026 -> Add data lock for musl arm build status data to be written
Sun Jul 12 03:03:01 CUT 2026 -> Add data lock for windows_nightly x64 build status data to be written
Sun Jul 12 03:06:25 CUT 2026 -> Add data lock for windows_nightly ARM64 build status data to be written
Sun Jul 12 05:06:52 UTC 2026 -> Add data lock for picolibc riscv32 build status data to be written
Sun Jul 12 05:06:58 UTC 2026 -> Add data lock for picolibc riscv64 build status data to be written
Sun Jul 12 05:07:08 UTC 2026 -> Add data lock for picolibc aarch64 build status data to be written
Sun Jul 12 05:07:13 UTC 2026 -> Add data lock for picolibc hexagon build status data to be written
Sun Jul 12 06:20:55 UTC 2026 -> Add data lock for picolibc aarch64 build status data to be written
Sun Jul 12 06:32:44 UTC 2026 -> Add data lock for picolibc riscv64 build status data to be written
Sun Jul 12 06:40:35 UTC 2026 -> Add data lock for picolibc arm build status data to be written
Sun Jul 12 07:19:52 UTC 2026 -> Add data lock for picolibc hexagon build status data to be written
Sun Jul 12 07:25:49 UTC 2026 -> Add data lock for picolibc riscv32 build status data to be written
Sun Jul 12 07:45:00 UTC 2026 -> Add data lock for nightly all build status data to be written
Sun Jul 12 07:47:04 UTC 2026 -> Add data lock for sanitizer all build status data to be written
Sun Jul 12 08:47:04 UTC 2026 -> Add data lock for reverse_iterator all build status data to be written
Sun Jul 12 09:17:16 UTC 2026 -> Add data lock for sanitizer all build status data to be written
Sun Jul 12 09:34:26 AM UTC 2026 -> Add data lock for zephyr riscv64 build status data to be written
Sun Jul 12 09:34:40 AM UTC 2026 -> Add data lock for zephyr aarch64 build status data to be written
Sun Jul 12 09:35:03 AM UTC 2026 -> Add data lock for zephyr riscv32 build status data to be written
Sun Jul 12 09:35:09 AM UTC 2026 -> Add data lock for zephyr riscv32 build status data to be written
Sun Jul 12 09:35:31 UTC 2026 -> Add data lock for nightly all build status data to be written
Sun Jul 12 09:41:40 AM UTC 2026 -> Add data lock for zephyr riscv32 build status data to be written
Sun Jul 12 12:17:43 UTC 2026 -> Add data lock for reverse_iterator all build status data to be written
Mon Jul 13 02:58:32 UTC 2026 -> Add data lock for musl arm build status data to be written
Mon Jul 13 02:58:48 UTC 2026 -> Add data lock for musl riscv64 build status data to be written
Mon Jul 13 02:59:01 UTC 2026 -> Add data lock for musl aarch64 build status data to be written
Mon Jul 13 02:59:05 UTC 2026 -> Add data lock for musl riscv32 build status data to be written
Mon Jul 13 02:59:22 UTC 2026 -> Add data lock for musl x86-64 build status data to be written
Mon Jul 13 03:00:56 UTC 2026 -> Add data lock for musl arm build status data to be written
Mon Jul 13 03:01:03 UTC 2026 -> Add musl x86-64 build status data in DB
Mon Jul 13 03:01:12 UTC 2026 -> Add data lock for musl riscv64 build status data to be written
Mon Jul 13 03:01:29 UTC 2026 -> Add data lock for musl riscv32 build status data to be written
Mon Jul 13 03:03:18 CUT 2026 -> Add data lock for windows_nightly x64 build status data to be written
Mon Jul 13 03:05:37 CUT 2026 -> Add data lock for windows_nightly ARM64 build status data to be written
Mon Jul 13 05:12:53 UTC 2026 -> Add data lock for picolibc arm build status data to be written
Mon Jul 13 05:13:08 UTC 2026 -> Add data lock for picolibc riscv32 build status data to be written
Mon Jul 13 05:13:16 UTC 2026 -> Add picolibc riscv64 build status data in DB
Mon Jul 13 05:13:20 UTC 2026 -> Add picolibc aarch64 build status data in DB
Mon Jul 13 05:13:25 UTC 2026 -> Add data lock for picolibc hexagon build status data to be written
Mon Jul 13 07:11:29 CUT 2026 -> Add data lock for windows_nightly ARM64 build status data to be written
Mon Jul 13 07:22:28 UTC 2026 -> Add data lock for picolibc hexagon build status data to be written
Mon Jul 13 07:30:00 UTC 2026 -> Add data lock for picolibc riscv64 build status data to be written
Mon Jul 13 07:30:43 CUT 2026 -> Add data lock for windows_nightly x64 build status data to be written
Mon Jul 13 07:33:16 UTC 2026 -> Add data lock for picolibc riscv32 build status data to be written
Mon Jul 13 07:34:49 UTC 2026 -> Add data lock for picolibc arm build status data to be written
Mon Jul 13 07:36:30 UTC 2026 -> Add data lock for picolibc aarch64 build status data to be written
Mon Jul 13 08:04:51 UTC 2026 -> Add data lock for nightly all build status data to be written
Mon Jul 13 08:08:24 UTC 2026 -> Add data lock for sanitizer all build status data to be written
Mon Jul 13 08:48:50 UTC 2026 -> Add data lock for sanitizer all build status data to be written
Mon Jul 13 09:08:34 UTC 2026 -> Add data lock for reverse_iterator all build status data to be written
Mon Jul 13 10:06:28 AM UTC 2026 -> Add data lock for zephyr arm build status data to be written
Mon Jul 13 10:06:47 AM UTC 2026 -> Add data lock for zephyr aarch64 build status data to be written
Mon Jul 13 10:06:54 AM UTC 2026 -> Add data lock for zephyr riscv32 build status data to be written
Mon Jul 13 10:07:00 AM UTC 2026 -> Add data lock for zephyr riscv64 build status data to be written
Mon Jul 13 10:07:07 AM UTC 2026 -> Add data lock for zephyr riscv32 build status data to be written
Mon Jul 13 10:14:10 AM UTC 2026 -> Add data lock for zephyr riscv32 build status data to be written
Mon Jul 13 10:18:37 UTC 2026 -> Add data lock for nightly all build status data to be written
Mon Jul 13 12:47:58 UTC 2026 -> Add data lock for reverse_iterator all build status data to be written
Tue Jul 14 02:57:36 UTC 2026 -> Add data lock for musl riscv32 build status data to be written
Tue Jul 14 02:57:50 UTC 2026 -> Add data lock for musl arm build status data to be written
Tue Jul 14 02:57:53 UTC 2026 -> Add data lock for musl riscv64 build status data to be written
Tue Jul 14 02:58:07 UTC 2026 -> Add data lock for musl x86-64 build status data to be written
Tue Jul 14 02:59:45 UTC 2026 -> Add data lock for musl riscv32 build status data to be written
Tue Jul 14 03:00:11 UTC 2026 -> Add data lock for musl arm build status data to be written
Tue Jul 14 03:00:24 UTC 2026 -> Add data lock for musl riscv64 build status data to be written
Tue Jul 14 03:02:02 CUT 2026 -> Add data lock for windows_nightly x64 build status data to be written
Tue Jul 14 03:05:17 CUT 2026 -> Add data lock for windows_nightly ARM64 build status data to be written
Tue Jul 14 05:02:43 UTC 2026 -> Add data lock for picolibc riscv64 build status data to be written
Tue Jul 14 05:02:57 UTC 2026 -> Add data lock for picolibc hexagon build status data to be written
Tue Jul 14 05:02:59 UTC 2026 -> Add data lock for picolibc arm build status data to be written
Tue Jul 14 05:03:14 UTC 2026 -> Add data lock for picolibc riscv32 build status data to be written
Tue Jul 14 05:03:30 UTC 2026 -> Add data lock for picolibc aarch64 build status data to be written
Tue Jul 14 06:23:26 CUT 2026 -> Add data lock for windows_nightly x64 build status data to be written
Tue Jul 14 07:04:10 CUT 2026 -> Add data lock for windows_nightly ARM64 build status data to be written
Tue Jul 14 07:11:49 UTC 2026 -> Add data lock for picolibc hexagon build status data to be written
Tue Jul 14 07:21:16 UTC 2026 -> Add data lock for picolibc arm build status data to be written
Tue Jul 14 07:21:22 UTC 2026 -> Add data lock for picolibc riscv64 build status data to be written
Tue Jul 14 07:23:54 UTC 2026 -> Add data lock for picolibc riscv32 build status data to be written
Tue Jul 14 07:24:25 UTC 2026 -> Add data lock for picolibc aarch64 build status data to be written
Tue Jul 14 07:35:07 UTC 2026 -> Add data lock for nightly all build status data to be written
Tue Jul 14 07:39:24 UTC 2026 -> Add data lock for sanitizer all build status data to be written
Tue Jul 14 08:47:01 UTC 2026 -> Add data lock for reverse_iterator all build status data to be written
Tue Jul 14 09:20:55 UTC 2026 -> Add data lock for sanitizer all build status data to be written
Tue Jul 14 09:35:10 AM UTC 2026 -> Add data lock for zephyr arm build status data to be written
Tue Jul 14 09:35:44 AM UTC 2026 -> Add data lock for zephyr aarch64 build status data to be written
Tue Jul 14 09:35:55 AM UTC 2026 -> Add data lock for zephyr riscv32 build status data to be written
Tue Jul 14 09:43:04 AM UTC 2026 -> Add data lock for zephyr riscv32 build status data to be written
Tue Jul 14 10:35:33 UTC 2026 -> Add data lock for nightly all build status data to be written
Tue Jul 14 12:24:34 UTC 2026 -> Add data lock for reverse_iterator all build status data to be written
Wed Jul 15 02:57:47 UTC 2026 -> Add data lock for musl aarch64 build status data to be written
Wed Jul 15 02:58:00 UTC 2026 -> Add data lock for musl x86-64 build status data to be written
Wed Jul 15 02:58:13 UTC 2026 -> Add data lock for musl riscv32 build status data to be written
Wed Jul 15 02:58:30 UTC 2026 -> Add data lock for musl arm build status data to be written
Wed Jul 15 02:59:45 UTC 2026 -> Add data lock for musl x86-64 build status data to be written
Wed Jul 15 02:59:54 UTC 2026 -> Add data lock for musl riscv64 build status data to be written
Wed Jul 15 03:00:17 UTC 2026 -> Add data lock for musl riscv32 build status data to be written
Wed Jul 15 03:00:40 UTC 2026 -> Add data lock for musl arm build status data to be written
Wed Jul 15 03:02:10 CUT 2026 -> Add data lock for windows_nightly x64 build status data to be written
Wed Jul 15 03:06:05 CUT 2026 -> Add data lock for windows_nightly ARM64 build status data to be written
Wed Jul 15 05:02:53 UTC 2026 -> Add data lock for picolibc riscv32 build status data to be written
Wed Jul 15 05:03:08 UTC 2026 -> Add data lock for picolibc aarch64 build status data to be written
Wed Jul 15 05:03:20 UTC 2026 -> Add data lock for picolibc hexagon build status data to be written
Wed Jul 15 05:03:25 UTC 2026 -> Add picolibc arm build status data in DB
Wed Jul 15 05:03:36 UTC 2026 -> Add data lock for picolibc riscv64 build status data to be written
Wed Jul 15 06:18:07 UTC 2026 -> Add data lock for picolibc aarch64 build status data to be written
Wed Jul 15 06:18:17 UTC 2026 -> Add data lock for picolibc arm build status data to be written
Wed Jul 15 07:04:48 UTC 2026 -> Add data lock for picolibc riscv32 build status data to be written
Wed Jul 15 07:08:54 CUT 2026 -> Add data lock for windows_nightly ARM64 build status data to be written
Wed Jul 15 07:26:19 UTC 2026 -> Add data lock for picolibc riscv64 build status data to be written
Wed Jul 15 07:29:12 UTC 2026 -> Add data lock for picolibc hexagon build status data to be written
Wed Jul 15 07:37:32 UTC 2026 -> Add data lock for nightly all build status data to be written
Wed Jul 15 07:37:41 CUT 2026 -> Add data lock for windows_nightly x64 build status data to be written
Wed Jul 15 07:41:41 UTC 2026 -> Add data lock for sanitizer all build status data to be written
Wed Jul 15 08:49:22 UTC 2026 -> Add data lock for reverse_iterator all build status data to be written
Wed Jul 15 09:04:27 UTC 2026 -> Add data lock for sanitizer all build status data to be written
Wed Jul 15 09:37:56 AM UTC 2026 -> Add data lock for zephyr riscv32 build status data to be written
Wed Jul 15 09:38:10 AM UTC 2026 -> Add data lock for zephyr riscv32 build status data to be written
Wed Jul 15 09:38:28 AM UTC 2026 -> Add data lock for zephyr aarch64 build status data to be written
Wed Jul 15 09:38:43 AM UTC 2026 -> Add data lock for zephyr arm build status data to be written
Wed Jul 15 09:43:24 UTC 2026 -> Add data lock for nightly all build status data to be written
Wed Jul 15 09:45:09 AM UTC 2026 -> Add data lock for zephyr riscv32 build status data to be written
Wed Jul 15 12:31:21 UTC 2026 -> Add data lock for reverse_iterator all build status data to be written
Thu Jul 16 02:58:08 UTC 2026 -> Add data lock for musl arm build status data to be written
Thu Jul 16 02:58:25 UTC 2026 -> Add data lock for musl x86-64 build status data to be written
Thu Jul 16 02:58:38 UTC 2026 -> Add data lock for musl aarch64 build status data to be written
Thu Jul 16 02:58:43 UTC 2026 -> Add data lock for musl riscv64 build status data to be written
Thu Jul 16 02:58:55 UTC 2026 -> Add data lock for musl riscv32 build status data to be written
Thu Jul 16 03:00:12 UTC 2026 -> Add data lock for musl x86-64 build status data to be written
Thu Jul 16 03:00:24 UTC 2026 -> Add data lock for musl arm build status data to be written
Thu Jul 16 03:01:13 UTC 2026 -> Add data lock for musl riscv32 build status data to be written
Thu Jul 16 03:02:29 CUT 2026 -> Add data lock for windows_nightly x64 build status data to be written
Thu Jul 16 03:05:17 CUT 2026 -> Add data lock for windows_nightly ARM64 build status data to be written
Thu Jul 16 05:04:58 UTC 2026 -> Add data lock for picolibc riscv64 build status data to be written
Thu Jul 16 05:05:13 UTC 2026 -> Add data lock for picolibc aarch64 build status data to be written
Thu Jul 16 05:05:20 UTC 2026 -> Add data lock for picolibc arm build status data to be written
Thu Jul 16 05:05:34 UTC 2026 -> Add data lock for picolibc hexagon build status data to be written
Thu Jul 16 06:18:14 UTC 2026 -> Add data lock for picolibc riscv64 build status data to be written
Thu Jul 16 06:26:56 UTC 2026 -> Add data lock for picolibc riscv32 build status data to be written
Thu Jul 16 06:32:35 UTC 2026 -> Add data lock for picolibc arm build status data to be written
Thu Jul 16 06:37:41 CUT 2026 -> Add data lock for windows_nightly ARM64 build status data to be written
Thu Jul 16 07:10:18 UTC 2026 -> Add data lock for picolibc aarch64 build status data to be written
Thu Jul 16 07:15:34 CUT 2026 -> Add data lock for windows_nightly x64 build status data to be written
Thu Jul 16 07:27:15 UTC 2026 -> Add data lock for picolibc hexagon build status data to be written
Thu Jul 16 07:42:41 UTC 2026 -> Add data lock for nightly all build status data to be written
Thu Jul 16 07:46:17 UTC 2026 -> Add data lock for sanitizer all build status data to be written
Thu Jul 16 08:49:25 UTC 2026 -> Add data lock for reverse_iterator all build status data to be written
Thu Jul 16 09:38:20 UTC 2026 -> Add data lock for sanitizer all build status data to be written
Thu Jul 16 09:41:14 AM UTC 2026 -> Add data lock for zephyr riscv64 build status data to be written
Thu Jul 16 09:41:23 AM UTC 2026 -> Add data lock for zephyr aarch64 build status data to be written
Thu Jul 16 09:41:28 AM UTC 2026 -> Add data lock for zephyr riscv32 build status data to be written
Thu Jul 16 09:41:38 AM UTC 2026 -> Add data lock for zephyr riscv32 build status data to be written
Thu Jul 16 09:41:52 AM UTC 2026 -> Add data lock for zephyr arm build status data to be written
Thu Jul 16 09:47:31 AM UTC 2026 -> Add data lock for zephyr riscv32 build status data to be written
Thu Jul 16 10:50:45 UTC 2026 -> Add data lock for nightly all build status data to be written
Thu Jul 16 12:26:49 UTC 2026 -> Add data lock for reverse_iterator all build status data to be written
Fri Jul 17 02:58:13 UTC 2026 -> Add data lock for musl x86-64 build status data to be written
Fri Jul 17 02:58:28 UTC 2026 -> Add data lock for musl aarch64 build status data to be written
Fri Jul 17 02:58:40 UTC 2026 -> Add data lock for musl riscv32 build status data to be written
Fri Jul 17 02:58:44 UTC 2026 -> Add data lock for musl riscv64 build status data to be written
Fri Jul 17 03:00:17 UTC 2026 -> Add data lock for musl arm build status data to be written
Fri Jul 17 03:00:41 UTC 2026 -> Add data lock for musl riscv64 build status data to be written
Fri Jul 17 03:00:51 UTC 2026 -> Add data lock for musl riscv32 build status data to be written
Fri Jul 17 03:02:35 CUT 2026 -> Add data lock for windows_nightly x64 build status data to be written
Fri Jul 17 03:05:00 CUT 2026 -> Add data lock for windows_nightly ARM64 build status data to be written
Fri Jul 17 05:05:37 UTC 2026 -> Add data lock for picolibc riscv32 build status data to be written
Fri Jul 17 05:05:43 UTC 2026 -> Add data lock for picolibc hexagon build status data to be written
Fri Jul 17 05:05:50 UTC 2026 -> Add data lock for picolibc aarch64 build status data to be written
Fri Jul 17 05:05:54 UTC 2026 -> Add data lock for picolibc arm build status data to be written
Fri Jul 17 05:06:01 UTC 2026 -> Add data lock for picolibc riscv64 build status data to be written
Fri Jul 17 06:24:16 UTC 2026 -> Add data lock for picolibc aarch64 build status data to be written
Fri Jul 17 06:55:12 CUT 2026 -> Add data lock for windows_nightly ARM64 build status data to be written
Fri Jul 17 06:55:33 CUT 2026 -> Add data lock for windows_nightly x64 build status data to be written
Fri Jul 17 07:13:41 UTC 2026 -> Add data lock for picolibc riscv32 build status data to be written
Fri Jul 17 07:25:16 UTC 2026 -> Add data lock for picolibc arm build status data to be written
Fri Jul 17 07:32:25 UTC 2026 -> Add data lock for picolibc hexagon build status data to be written
Fri Jul 17 07:32:31 UTC 2026 -> Add data lock for picolibc riscv64 build status data to be written
Fri Jul 17 07:40:31 UTC 2026 -> Add data lock for nightly all build status data to be written
Fri Jul 17 07:44:47 UTC 2026 -> Add data lock for sanitizer all build status data to be written
Fri Jul 17 08:46:36 UTC 2026 -> Add data lock for reverse_iterator all build status data to be written
Fri Jul 17 08:52:59 UTC 2026 -> Add data lock for sanitizer all build status data to be written
Fri Jul 17 09:35:01 AM UTC 2026 -> Add data lock for zephyr riscv64 build status data to be written
Fri Jul 17 09:35:07 AM UTC 2026 -> Add data lock for zephyr aarch64 build status data to be written
Fri Jul 17 09:35:15 AM UTC 2026 -> Add data lock for zephyr riscv32 build status data to be written
Fri Jul 17 09:35:22 AM UTC 2026 -> Add data lock for zephyr riscv32 build status data to be written
Fri Jul 17 09:42:39 AM UTC 2026 -> Add data lock for zephyr riscv32 build status data to be written
Fri Jul 17 10:53:59 UTC 2026 -> Add data lock for nightly all build status data to be written
Fri Jul 17 12:18:43 UTC 2026 -> Add data lock for reverse_iterator all build status data to be written
Sat Jul 18 02:57:52 UTC 2026 -> Add data lock for musl arm build status data to be written
Sat Jul 18 02:58:10 UTC 2026 -> Add data lock for musl riscv64 build status data to be written
Sat Jul 18 02:58:26 UTC 2026 -> Add data lock for musl x86-64 build status data to be written
Sat Jul 18 02:58:34 UTC 2026 -> Add musl riscv32 build status data in DB
Sat Jul 18 02:58:38 UTC 2026 -> Add data lock for musl aarch64 build status data to be written
Sat Jul 18 03:00:01 UTC 2026 -> Add data lock for musl x86-64 build status data to be written
Sat Jul 18 03:00:16 UTC 2026 -> Add data lock for musl riscv64 build status data to be written
Sat Jul 18 03:00:23 UTC 2026 -> Add musl arm build status data in DB
Sat Jul 18 03:00:35 UTC 2026 -> Add data lock for musl riscv32 build status data to be written
Sat Jul 18 03:01:51 CUT 2026 -> Add data lock for windows_nightly x64 build status data to be written
Sat Jul 18 03:04:37 CUT 2026 -> Add data lock for windows_nightly ARM64 build status data to be written
Sat Jul 18 05:00:02 UTC 2026 -> Add data lock for picolibc arm build status data to be written
Sat Jul 18 05:00:20 UTC 2026 -> Add data lock for picolibc riscv64 build status data to be written
Sat Jul 18 05:00:37 UTC 2026 -> Add data lock for picolibc aarch64 build status data to be written
Sat Jul 18 05:00:55 UTC 2026 -> Add data lock for picolibc hexagon build status data to be written
Sat Jul 18 06:36:06 UTC 2026 -> Add data lock for picolibc riscv32 build status data to be written
Sat Jul 18 07:07:09 UTC 2026 -> Add data lock for picolibc hexagon build status data to be written
Sat Jul 18 07:17:14 UTC 2026 -> Add data lock for picolibc arm build status data to be written
Sat Jul 18 07:23:04 UTC 2026 -> Add data lock for picolibc riscv64 build status data to be written
Sat Jul 18 07:24:24 UTC 2026 -> Add data lock for picolibc aarch64 build status data to be written
Sat Jul 18 07:33:21 UTC 2026 -> Add data lock for nightly all build status data to be written
Sat Jul 18 07:36:21 UTC 2026 -> Add data lock for sanitizer all build status data to be written
Sat Jul 18 08:36:35 UTC 2026 -> Add data lock for reverse_iterator all build status data to be written
Sat Jul 18 09:31:35 AM UTC 2026 -> Add data lock for zephyr aarch64 build status data to be written
Sat Jul 18 09:31:42 AM UTC 2026 -> Add data lock for zephyr riscv32 build status data to be written
Sat Jul 18 09:31:53 AM UTC 2026 -> Add data lock for zephyr riscv64 build status data to be written
Sat Jul 18 09:32:08 AM UTC 2026 -> Add data lock for zephyr arm build status data to be written
Sat Jul 18 09:32:14 AM UTC 2026 -> Add data lock for zephyr riscv32 build status data to be written
Sat Jul 18 09:38:25 AM UTC 2026 -> Add data lock for zephyr riscv32 build status data to be written
Sat Jul 18 10:34:48 UTC 2026 -> Add data lock for nightly all build status data to be written
Sat Jul 18 12:28:32 UTC 2026 -> Add data lock for reverse_iterator all build status data to be written
Sun Jul 19 02:58:39 UTC 2026 -> Add data lock for musl x86-64 build status data to be written
Sun Jul 19 02:58:55 UTC 2026 -> Add data lock for musl aarch64 build status data to be written
Sun Jul 19 02:59:04 UTC 2026 -> Add musl riscv64 build status data in DB
Sun Jul 19 02:59:07 UTC 2026 -> Add musl riscv32 build status data in DB
Sun Jul 19 02:59:13 UTC 2026 -> Add data lock for musl arm build status data to be written
Sun Jul 19 03:00:19 UTC 2026 -> Add data lock for musl x86-64 build status data to be written
Sun Jul 19 03:01:00 UTC 2026 -> Add data lock for musl riscv64 build status data to be written
Sun Jul 19 03:01:08 UTC 2026 -> Add data lock for musl riscv32 build status data to be written
Sun Jul 19 03:01:37 UTC 2026 -> Add data lock for musl arm build status data to be written
Sun Jul 19 03:02:58 CUT 2026 -> Add data lock for windows_nightly x64 build status data to be written
Sun Jul 19 03:06:42 CUT 2026 -> Add data lock for windows_nightly ARM64 build status data to be written
Sun Jul 19 05:06:20 UTC 2026 -> Add data lock for picolibc aarch64 build status data to be written
Sun Jul 19 05:06:27 UTC 2026 -> Add data lock for picolibc riscv32 build status data to be written
Sun Jul 19 05:06:35 UTC 2026 -> Add data lock for picolibc arm build status data to be written
Sun Jul 19 05:06:45 UTC 2026 -> Add picolibc hexagon build status data in DB
Sun Jul 19 05:06:53 UTC 2026 -> Add data lock for picolibc riscv64 build status data to be written
Sun Jul 19 06:15:12 UTC 2026 -> Add data lock for picolibc riscv64 build status data to be written
Sun Jul 19 07:12:59 UTC 2026 -> Add data lock for picolibc riscv32 build status data to be written
Sun Jul 19 07:28:22 UTC 2026 -> Add data lock for picolibc aarch64 build status data to be written
Sun Jul 19 07:30:08 UTC 2026 -> Add data lock for picolibc arm build status data to be written
Sun Jul 19 07:35:59 UTC 2026 -> Add data lock for picolibc hexagon build status data to be written
Sun Jul 19 07:43:54 UTC 2026 -> Add data lock for nightly all build status data to be written
Sun Jul 19 07:46:43 UTC 2026 -> Add data lock for sanitizer all build status data to be written
Sun Jul 19 08:49:29 UTC 2026 -> Add data lock for reverse_iterator all build status data to be written
Sun Jul 19 09:35:17 AM UTC 2026 -> Add data lock for zephyr arm build status data to be written
Sun Jul 19 09:35:40 AM UTC 2026 -> Add data lock for zephyr riscv32 build status data to be written
Sun Jul 19 09:35:51 AM UTC 2026 -> Add data lock for zephyr aarch64 build status data to be written
Sun Jul 19 09:36:04 AM UTC 2026 -> Add data lock for zephyr riscv64 build status data to be written
Sun Jul 19 09:42:05 AM UTC 2026 -> Add data lock for zephyr riscv32 build status data to be written
Sun Jul 19 10:25:22 UTC 2026 -> Add data lock for nightly all build status data to be written
Sun Jul 19 12:25:12 UTC 2026 -> Add data lock for reverse_iterator all build status data to be written
Mon Jul 20 02:58:33 UTC 2026 -> Add data lock for musl riscv64 build status data to be written
Mon Jul 20 02:58:49 UTC 2026 -> Add data lock for musl arm build status data to be written
Mon Jul 20 02:58:57 UTC 2026 -> Add musl riscv32 build status data in DB
Mon Jul 20 02:59:01 UTC 2026 -> Add data lock for musl x86-64 build status data to be written
Mon Jul 20 02:59:06 UTC 2026 -> Add data lock for musl aarch64 build status data to be written
Mon Jul 20 03:00:38 UTC 2026 -> Add data lock for musl x86-64 build status data to be written
Mon Jul 20 03:01:00 UTC 2026 -> Add data lock for musl riscv32 build status data to be written
Mon Jul 20 03:01:12 UTC 2026 -> Add data lock for musl arm build status data to be written
Mon Jul 20 03:03:09 CUT 2026 -> Add data lock for windows_nightly x64 build status data to be written
Mon Jul 20 03:05:47 CUT 2026 -> Add data lock for windows_nightly ARM64 build status data to be written
Mon Jul 20 05:16:19 UTC 2026 -> Add data lock for picolibc riscv64 build status data to be written
Mon Jul 20 05:16:27 UTC 2026 -> Add data lock for picolibc riscv32 build status data to be written
Mon Jul 20 05:16:34 UTC 2026 -> Add data lock for picolibc hexagon build status data to be written
Mon Jul 20 05:16:44 UTC 2026 -> Add data lock for picolibc aarch64 build status data to be written
Mon Jul 20 07:13:53 UTC 2026 -> Add data lock for picolibc hexagon build status data to be written
Mon Jul 20 07:19:19 UTC 2026 -> Add data lock for picolibc riscv64 build status data to be written
Mon Jul 20 07:33:30 UTC 2026 -> Add data lock for picolibc arm build status data to be written
Mon Jul 20 07:35:51 UTC 2026 -> Add data lock for picolibc riscv32 build status data to be written
Mon Jul 20 07:38:07 UTC 2026 -> Add data lock for picolibc aarch64 build status data to be written
Mon Jul 20 08:02:28 UTC 2026 -> Add data lock for nightly all build status data to be written
Mon Jul 20 08:04:56 UTC 2026 -> Add data lock for sanitizer all build status data to be written
Mon Jul 20 08:33:26 UTC 2026 -> Add data lock for sanitizer all build status data to be written
Mon Jul 20 09:06:14 UTC 2026 -> Add data lock for reverse_iterator all build status data to be written
Mon Jul 20 10:02:59 AM UTC 2026 -> Add data lock for zephyr arm build status data to be written
Mon Jul 20 10:03:14 AM UTC 2026 -> Add data lock for zephyr riscv64 build status data to be written
Mon Jul 20 10:03:29 AM UTC 2026 -> Add data lock for zephyr riscv32 build status data to be written
Mon Jul 20 10:03:46 AM UTC 2026 -> Add zephyr aarch64 build status data in DB
Mon Jul 20 10:03:50 AM UTC 2026 -> Add data lock for zephyr riscv32 build status data to be written
Mon Jul 20 10:10:15 AM UTC 2026 -> Add data lock for zephyr riscv32 build status data to be written
Mon Jul 20 10:25:56 UTC 2026 -> Add data lock for nightly all build status data to be written
Mon Jul 20 11:57:03 UTC 2026 -> Add data lock for reverse_iterator all build status data to be written
Tue Jul 21 02:58:28 UTC 2026 -> Add data lock for musl arm build status data to be written
Tue Jul 21 02:58:42 UTC 2026 -> Add data lock for musl riscv64 build status data to be written
Tue Jul 21 02:58:45 UTC 2026 -> Add data lock for musl x86-64 build status data to be written
Tue Jul 21 02:58:59 UTC 2026 -> Add data lock for musl aarch64 build status data to be written
Tue Jul 21 03:00:18 UTC 2026 -> Add data lock for musl x86-64 build status data to be written
Tue Jul 21 03:00:29 UTC 2026 -> Add data lock for musl riscv32 build status data to be written
Tue Jul 21 03:00:39 UTC 2026 -> Add data lock for musl riscv64 build status data to be written
Tue Jul 21 03:00:44 UTC 2026 -> Add data lock for musl arm build status data to be written
Tue Jul 21 03:02:46 CUT 2026 -> Add data lock for windows_nightly x64 build status data to be written
Tue Jul 21 03:04:59 CUT 2026 -> Add data lock for windows_nightly ARM64 build status data to be written
Tue Jul 21 05:06:07 UTC 2026 -> Add data lock for picolibc hexagon build status data to be written
Tue Jul 21 05:06:27 UTC 2026 -> Add data lock for picolibc riscv32 build status data to be written
Tue Jul 21 05:06:37 UTC 2026 -> Add data lock for picolibc arm build status data to be written
Tue Jul 21 05:06:44 UTC 2026 -> Add data lock for picolibc riscv64 build status data to be written
Tue Jul 21 05:06:50 UTC 2026 -> Add picolibc aarch64 build status data in DB
Tue Jul 21 06:42:54 UTC 2026 -> Add data lock for picolibc riscv32 build status data to be written
Tue Jul 21 06:58:28 CUT 2026 -> Add data lock for windows_nightly ARM64 build status data to be written
Tue Jul 21 07:11:25 UTC 2026 -> Add data lock for picolibc arm build status data to be written
Tue Jul 21 07:28:05 UTC 2026 -> Add data lock for picolibc aarch64 build status data to be written
Tue Jul 21 07:29:02 UTC 2026 -> Add data lock for picolibc riscv64 build status data to be written
Tue Jul 21 07:31:30 CUT 2026 -> Add data lock for windows_nightly x64 build status data to be written
Tue Jul 21 07:32:36 UTC 2026 -> Add data lock for picolibc hexagon build status data to be written
Tue Jul 21 07:49:15 UTC 2026 -> Add data lock for nightly all build status data to be written
Tue Jul 21 07:52:16 UTC 2026 -> Add data lock for sanitizer all build status data to be written
Tue Jul 21 08:56:37 UTC 2026 -> Add data lock for reverse_iterator all build status data to be written
Tue Jul 21 09:50:28 AM UTC 2026 -> Add data lock for zephyr riscv32 build status data to be written
Tue Jul 21 09:50:34 AM UTC 2026 -> Add data lock for zephyr arm build status data to be written
Tue Jul 21 09:50:59 AM UTC 2026 -> Add data lock for zephyr riscv64 build status data to be written
Tue Jul 21 09:51:15 AM UTC 2026 -> Add data lock for zephyr aarch64 build status data to be written
Tue Jul 21 09:51:32 AM UTC 2026 -> Add data lock for zephyr riscv32 build status data to be written
Tue Jul 21 09:59:30 AM UTC 2026 -> Add data lock for zephyr riscv32 build status data to be written
Tue Jul 21 10:41:56 UTC 2026 -> Add data lock for nightly all build status data to be written
Tue Jul 21 12:18:14 UTC 2026 -> Add data lock for reverse_iterator all build status data to be written
Wed Jul 22 02:58:16 UTC 2026 -> Add data lock for musl riscv32 build status data to be written
Wed Jul 22 02:58:24 UTC 2026 -> Add data lock for musl riscv64 build status data to be written
Wed Jul 22 02:58:32 UTC 2026 -> Add data lock for musl x86-64 build status data to be written
Wed Jul 22 02:58:39 UTC 2026 -> Add musl aarch64 build status data in DB
Wed Jul 22 02:58:51 UTC 2026 -> Add data lock for musl arm build status data to be written
Wed Jul 22 02:59:51 UTC 2026 -> Add data lock for musl x86-64 build status data to be written
Wed Jul 22 03:00:17 UTC 2026 -> Add data lock for musl riscv32 build status data to be written
Wed Jul 22 03:00:43 UTC 2026 -> Add data lock for musl riscv64 build status data to be written
Wed Jul 22 03:01:05 UTC 2026 -> Add data lock for musl arm build status data to be written
Wed Jul 22 03:02:38 CUT 2026 -> Add data lock for windows_nightly x64 build status data to be written
Wed Jul 22 03:05:10 CUT 2026 -> Add data lock for windows_nightly ARM64 build status data to be written
Wed Jul 22 05:06:26 UTC 2026 -> Add data lock for picolibc riscv64 build status data to be written
Wed Jul 22 05:06:32 UTC 2026 -> Add data lock for picolibc aarch64 build status data to be written
Wed Jul 22 05:06:41 UTC 2026 -> Add data lock for picolibc hexagon build status data to be written
Wed Jul 22 05:06:49 UTC 2026 -> Add data lock for picolibc arm build status data to be written
Wed Jul 22 05:06:56 UTC 2026 -> Add data lock for picolibc riscv32 build status data to be written
Wed Jul 22 06:47:13 UTC 2026 -> Add data lock for picolibc hexagon build status data to be written
Wed Jul 22 07:27:43 UTC 2026 -> Add data lock for picolibc arm build status data to be written
Wed Jul 22 07:29:28 UTC 2026 -> Add data lock for picolibc riscv64 build status data to be written
Wed Jul 22 07:30:53 UTC 2026 -> Add data lock for picolibc aarch64 build status data to be written
Wed Jul 22 07:33:59 UTC 2026 -> Add data lock for picolibc riscv32 build status data to be written
Wed Jul 22 07:49:13 UTC 2026 -> Add data lock for nightly all build status data to be written
Wed Jul 22 07:52:10 UTC 2026 -> Add data lock for sanitizer all build status data to be written
Wed Jul 22 08:55:37 UTC 2026 -> Add data lock for reverse_iterator all build status data to be written
Wed Jul 22 09:47:03 UTC 2026 -> Add data lock for sanitizer all build status data to be written
Wed Jul 22 09:49:23 AM UTC 2026 -> Add data lock for zephyr arm build status data to be written
Wed Jul 22 09:49:29 AM UTC 2026 -> Add data lock for zephyr riscv32 build status data to be written
Wed Jul 22 09:50:02 AM UTC 2026 -> Add data lock for zephyr riscv32 build status data to be written
Wed Jul 22 09:50:09 AM UTC 2026 -> Add data lock for zephyr aarch64 build status data to be written
Wed Jul 22 09:50:21 AM UTC 2026 -> Add data lock for zephyr riscv64 build status data to be written
Wed Jul 22 09:56:39 AM UTC 2026 -> Add data lock for zephyr riscv32 build status data to be written
Wed Jul 22 09:56:56 UTC 2026 -> Add data lock for nightly all build status data to be written
Thu Jul 23 02:58:24 UTC 2026 -> Add data lock for musl aarch64 build status data to be written
Thu Jul 23 02:58:37 UTC 2026 -> Add data lock for musl riscv64 build status data to be written
Thu Jul 23 02:58:49 UTC 2026 -> Add data lock for musl x86-64 build status data to be written
Thu Jul 23 02:59:08 UTC 2026 -> Add data lock for musl riscv32 build status data to be written
Thu Jul 23 03:00:22 UTC 2026 -> Add data lock for musl x86-64 build status data to be written
Thu Jul 23 03:00:40 UTC 2026 -> Add data lock for musl arm build status data to be written
Thu Jul 23 03:00:53 UTC 2026 -> Add data lock for musl riscv64 build status data to be written
Thu Jul 23 03:02:07 UTC 2026 -> Add data lock for musl riscv32 build status data to be written
Thu Jul 23 03:02:44 CUT 2026 -> Add data lock for windows_nightly x64 build status data to be written
Thu Jul 23 03:06:05 CUT 2026 -> Add data lock for windows_nightly ARM64 build status data to be written
Thu Jul 23 05:06:35 UTC 2026 -> Add data lock for picolibc riscv64 build status data to be written
Thu Jul 23 05:06:53 UTC 2026 -> Add data lock for picolibc riscv32 build status data to be written
Thu Jul 23 05:07:03 UTC 2026 -> Add data lock for picolibc arm build status data to be written
Thu Jul 23 05:07:11 UTC 2026 -> Add data lock for picolibc hexagon build status data to be written
Thu Jul 23 06:02:26 UTC 2026 -> Add data lock for busybox x86_64 build status data to be written
Thu Jul 23 06:07:54 UTC 2026 -> Add data lock for busybox x86_64 build status data to be written
Thu Jul 23 06:54:00 UTC 2026 -> Add data lock for picolibc riscv32 build status data to be written
Thu Jul 23 06:54:52 CUT 2026 -> Add data lock for windows_nightly ARM64 build status data to be written
Thu Jul 23 07:23:16 UTC 2026 -> Add data lock for picolibc arm build status data to be written
Thu Jul 23 07:29:12 UTC 2026 -> Add data lock for picolibc aarch64 build status data to be written
Thu Jul 23 07:31:07 UTC 2026 -> Add data lock for picolibc riscv64 build status data to be written
Thu Jul 23 07:34:53 CUT 2026 -> Add data lock for windows_nightly x64 build status data to be written
Thu Jul 23 07:35:49 UTC 2026 -> Add data lock for picolibc hexagon build status data to be written
Thu Jul 23 07:49:48 UTC 2026 -> Add data lock for nightly all build status data to be written
Thu Jul 23 07:52:52 UTC 2026 -> Add data lock for sanitizer all build status data to be written
Thu Jul 23 08:56:01 UTC 2026 -> Add data lock for reverse_iterator all build status data to be written
Thu Jul 23 09:44:04 UTC 2026 -> Add data lock for sanitizer all build status data to be written
Thu Jul 23 09:49:05 AM UTC 2026 -> Add data lock for zephyr riscv32 build status data to be written
Thu Jul 23 09:49:13 AM UTC 2026 -> Add data lock for zephyr aarch64 build status data to be written
Thu Jul 23 09:49:21 AM UTC 2026 -> Add data lock for zephyr riscv32 build status data to be written
Thu Jul 23 09:49:25 AM UTC 2026 -> Add data lock for zephyr riscv64 build status data to be written
Thu Jul 23 09:49:39 AM UTC 2026 -> Add data lock for zephyr arm build status data to be written
Thu Jul 23 09:56:44 AM UTC 2026 -> Add data lock for zephyr riscv32 build status data to be written
Thu Jul 23 10:40:04 UTC 2026 -> Add data lock for nightly all build status data to be written
